<?xml version="1.0" encoding="UTF-8"?>
<!-- Generated by org.testng.reporters.JUnitXMLReporter -->
<testsuite ignored="0" hostname="QT-INBG-LT0167" failures="0" tests="4" name="credit" time="0.073" errors="0" timestamp="2021-03-16T15:48:45 IST">
  <testcase classname="test.basic4" name="mobiledebitcardmethod1" time="0.009"/>
  <testcase classname="test.basic4" name="mobiledebitcardmethod2" time="0.002"/>
  <testcase classname="test.basic1" name="webcreditcardmethod1" time="0.001"/>
  <testcase classname="test.basic1" name="webcreditcardmethod2" time="0.002"/>
</testsuite> <!-- credit -->
