<?xml version="1.0" encoding="UTF-8"?>
<!-- Generated by org.testng.reporters.JUnitXMLReporter -->
<testsuite ignored="0" hostname="QT-INBG-LT0167" failures="0" tests="4" name="debit" time="0.019" errors="0" timestamp="2021-03-16T15:48:45 IST">
  <testcase classname="test.basic2" name="mobilecreditcardmethod1" time="0.001"/>
  <testcase classname="test.basic2" name="mobilecreditcardmethod2" time="0.002"/>
  <testcase classname="test.Basic3" name="webdebitcardmethod1" time="0.003"/>
  <testcase classname="test.Basic3" name="webdebitcardmethod2" time="0.001"/>
</testsuite> <!-- debit -->
