<?xml version="1.0" encoding="UTF-8"?>
<testng-results ignored="0" total="1" passed="1" failed="0" skipped="0">
  <reporter-output>
  </reporter-output>
  <suite started-at="2021-03-20T11:09:51 IST" name="Default suite" finished-at="2021-03-20T11:09:56 IST" duration-ms="5217">
    <groups>
    </groups>
    <test started-at="2021-03-20T11:09:51 IST" name="Default test" finished-at="2021-03-20T11:09:56 IST" duration-ms="5217">
      <class name="test.globalvar">
        <test-method signature="login()[pri:0, instance:test.globalvar@2133814f]" started-at="2021-03-20T11:09:51 IST" name="login" finished-at="2021-03-20T11:09:56 IST" duration-ms="5168" status="PASS">
          <reporter-output>
          </reporter-output>
        </test-method> <!-- login -->
      </class> <!-- test.globalvar -->
    </test> <!-- Default test -->
  </suite> <!-- Default suite -->
</testng-results>
